Build started 12/2/2015 12:06:38 PM.
     1>Project "C:\Users\Colin\Documents\GitHub\2DEngine\game\2DEngine\2DEngine.vcxproj" on node 2 (Build target(s)).
     1>ClCompile:
         C:\Program Files (x86)\Microsoft Visual Studio 14.0\VC\bin\CL.exe /c /ZI /nologo /W3 /WX- /sdl /Od /Oy- /D _MBCS /Gm /EHsc /RTC1 /MT /GS /Gy /fp:precise /Zc:wchar_t /Zc:forScope /Zc:inline /Fo"Debug\\" /Fd"Debug\vc140.pdb" /Gd /TP /analyze- /errorReport:prompt player.cpp engine.cpp game.cpp graphics.cpp image.cpp input.cpp entity.cpp terrain.cpp textureManager.cpp winmain.cpp
         winmain.cpp
         textureManager.cpp
         terrain.cpp
         entity.cpp
         input.cpp
         image.cpp
         graphics.cpp
         game.cpp
         engine.cpp
         player.cpp
         Generating Code...
       Link:
         C:\Program Files (x86)\Microsoft Visual Studio 14.0\VC\bin\link.exe /ERRORREPORT:PROMPT /OUT:"C:\Users\Colin\Documents\GitHub\2DEngine\game\2DEngine\Debug\2DEngine.exe" /INCREMENTAL /NOLOGO Winmm.lib d3d9.lib d3dx9.lib xinput.lib kernel32.lib user32.lib gdi32.lib winspool.lib comdlg32.lib advapi32.lib shell32.lib ole32.lib oleaut32.lib uuid.lib odbc32.lib odbccp32.lib /MANIFEST /MANIFESTUAC:"level='asInvoker' uiAccess='false'" /manifest:embed /Debug /PDB:"C:\Users\Colin\Documents\GitHub\2DEngine\game\2DEngine\Debug\2DEngine.pdb" /TLBID:1 /DYNAMICBASE /NXCOMPAT /IMPLIB:"C:\Users\Colin\Documents\GitHub\2DEngine\game\2DEngine\Debug\2DEngine.lib" /MACHINE:X86 Debug\player.obj
         Debug\engine.obj
         Debug\game.obj
         Debug\graphics.obj
         Debug\image.obj
         Debug\input.obj
         Debug\entity.obj
         Debug\terrain.obj
         Debug\textureManager.obj
         Debug\winmain.obj
         2DEngine.vcxproj -> C:\Users\Colin\Documents\GitHub\2DEngine\game\2DEngine\Debug\2DEngine.exe
     1>Done Building Project "C:\Users\Colin\Documents\GitHub\2DEngine\game\2DEngine\2DEngine.vcxproj" (Build target(s)).

Build succeeded.

Time Elapsed 00:00:26.47
